<?xml version="1.0" encoding="UTF-8"?>
<testsuite xmlns:xsi="http://www.w3.org/2001/XMLSchema-instance" xsi:noNamespaceSchemaLocation="https://maven.apache.org/surefire/maven-surefire-plugin/xsd/surefire-test-report-3.0.xsd" version="3.0" name="com.api.forohub.ForohubApplicationTests" time="9.33" tests="1" errors="0" skipped="0" failures="0">
  <properties>
[...]
</properties>
  <testcase name="contextLoads" classname="com.api.forohub.ForohubApplicationTests" time="0.674">
    <system-out><![CDATA[11:28:00.997 [main] INFO org.springframework.test.context.support.AnnotationConfigContextLoaderUtils -- Could not detect default configuration classes for test class [com.api.forohub.ForohubApplicationTests]: ForohubApplicationTests does not declare any static, non-private, non-final, nested classes annotated with @Configuration.
11:28:01.218 [main] INFO org.springframework.boot.test.context.SpringBootTestContextBootstrapper -- Found @SpringBootConfiguration com.api.forohub.ForohubApplication for test class com.api.forohub.ForohubApplicationTests
11:28:01.533 [main] INFO org.springframework.boot.devtools.restart.RestartApplicationListener -- Restart disabled due to context in which it is running

  .   ____          _            __ _ _
 /\\ / ___'_ __ _ _(_)_ __  __ _ \ \ \ \
( ( )\___ | '_ | '_| | '_ \/ _` | \ \ \ \
 \\/  ___)| |_)| | | | | || (_| |  ) ) ) )
  '  |____| .__|_| |_|_| |_\__, | / / / /
 =========|_|==============|___/=/_/_/_/

 :: Spring Boot ::                (v3.3.1)

2025-03-14T11:28:01.905-03:00  INFO 10820 --- [forohub] [           main] c.api.forohub.ForohubApplicationTests    : Starting ForohubApplicationTests using Java 17.0.6 with PID 10820 (started by HP in C:\Users\HP LAPTOP\Desktop\forohub)
2025-03-14T11:28:01.905-03:00  INFO 10820 --- [forohub] [           main] c.api.forohub.ForohubApplicationTests    : No active profile set, falling back to 1 default profile: "default"
2025-03-14T11:28:03.535-03:00  INFO 10820 --- [forohub] [           main] .s.d.r.c.RepositoryConfigurationDelegate : Bootstrapping Spring Data JPA repositories in DEFAULT mode.
2025-03-14T11:28:03.651-03:00  INFO 10820 --- [forohub] [           main] .s.d.r.c.RepositoryConfigurationDelegate : Finished Spring Data repository scanning in 95 ms. Found 3 JPA repository interfaces.
2025-03-14T11:28:04.437-03:00  INFO 10820 --- [forohub] [           main] o.hibernate.jpa.internal.util.LogHelper  : HHH000204: Processing PersistenceUnitInfo [name: default]
2025-03-14T11:28:04.515-03:00  INFO 10820 --- [forohub] [           main] org.hibernate.Version                    : HHH000412: Hibernate ORM core version 6.5.2.Final
2025-03-14T11:28:04.584-03:00  INFO 10820 --- [forohub] [           main] o.h.c.internal.RegionFactoryInitiator    : HHH000026: Second-level cache disabled
2025-03-14T11:28:05.103-03:00  INFO 10820 --- [forohub] [           main] o.s.o.j.p.SpringPersistenceUnitInfo      : No LoadTimeWeaver setup: ignoring JPA class transformer
2025-03-14T11:28:05.138-03:00  INFO 10820 --- [forohub] [           main] com.zaxxer.hikari.HikariDataSource       : HikariPool-1 - Starting...
2025-03-14T11:28:05.572-03:00  INFO 10820 --- [forohub] [           main] com.zaxxer.hikari.pool.HikariPool        : HikariPool-1 - Added connection com.mysql.cj.jdbc.ConnectionImpl@24b3f778
2025-03-14T11:28:05.587-03:00  INFO 10820 --- [forohub] [           main] com.zaxxer.hikari.HikariDataSource       : HikariPool-1 - Start completed.
2025-03-14T11:28:05.655-03:00  WARN 10820 --- [forohub] [           main] org.hibernate.orm.deprecation            : HHH90000025: MySQL8Dialect does not need to be specified explicitly using 'hibernate.dialect' (remove the property setting and it will be selected by default)
2025-03-14T11:28:05.655-03:00  WARN 10820 --- [forohub] [           main] org.hibernate.orm.deprecation            : HHH90000026: MySQL8Dialect has been deprecated; use org.hibernate.dialect.MySQLDialect instead
2025-03-14T11:28:06.988-03:00  INFO 10820 --- [forohub] [           main] o.h.e.t.j.p.i.JtaPlatformInitiator       : HHH000489: No JTA platform available (set 'hibernate.transaction.jta.platform' to enable JTA platform integration)
2025-03-14T11:28:07.124-03:00  INFO 10820 --- [forohub] [           main] j.LocalContainerEntityManagerFactoryBean : Initialized JPA EntityManagerFactory for persistence unit 'default'
2025-03-14T11:28:07.604-03:00  INFO 10820 --- [forohub] [           main] r$InitializeUserDetailsManagerConfigurer : Global AuthenticationManager configured with UserDetailsService bean with name autenticacionService
2025-03-14T11:28:07.899-03:00  WARN 10820 --- [forohub] [           main] JpaBaseConfiguration$JpaWebConfiguration : spring.jpa.open-in-view is enabled by default. Therefore, database queries may be performed during view rendering. Explicitly configure spring.jpa.open-in-view to disable this warning
2025-03-14T11:28:09.416-03:00  INFO 10820 --- [forohub] [           main] c.api.forohub.ForohubApplicationTests    : Started ForohubApplicationTests in 7.896 seconds (process running for 9.325)
]]></system-out>
  </testcase>
</testsuite>